<?xml version="1.0" encoding="UTF-8"?>
<!-- Generated by org.testng.reporters.JUnitXMLReporter -->
<testsuite hostname="MacBook-Pro.attlocal.net" ignored="0" name="Default test" tests="15" failures="0" timestamp="17 Nov 2020 23:18:39 GMT" time="4.029" errors="0">
  <testcase name="delete" time="0.101" classname="com.pizzeria.training.controllers.PizzaControllerIntegrationTest"/>
  <testcase name="getAll" time="0.052" classname="com.pizzeria.training.controllers.PizzaControllerIntegrationTest"/>
  <testcase name="getTest" time="0.004" classname="com.pizzeria.training.controllers.PizzaControllerIntegrationTest"/>
  <testcase name="newPizza" time="0.039" classname="com.pizzeria.training.controllers.PizzaControllerIntegrationTest"/>
  <testcase name="update" time="0.006" classname="com.pizzeria.training.controllers.PizzaControllerIntegrationTest"/>
  <testcase name="f" time="0.001" classname="com.pizzeria.training.models.OrderModelTest"/>
  <testcase name="findAll" time="0.269" classname="com.pizzeria.training.repositories.PizzaRepositoryIntegrationTest"/>
  <testcase name="save" time="0.007" classname="com.pizzeria.training.repositories.PizzaRepositoryIntegrationTest"/>
  <testcase name="findAll" time="0.001" classname="com.pizzeria.training.services.PizzaServiceTest"/>
  <testcase name="save" time="0.002" classname="com.pizzeria.training.services.PizzaServiceTest"/>
  <testcase name="allArgsConstructor" time="0.0" classname="com.pizzeria.training.models.PizzaModelTest"/>
  <testcase name="equalsHashcode" time="0.001" classname="com.pizzeria.training.models.PizzaModelTest"/>
  <testcase name="noArgsConstructor" time="0.001" classname="com.pizzeria.training.models.PizzaModelTest"/>
  <testcase name="setters" time="0.0" classname="com.pizzeria.training.models.PizzaModelTest"/>
  <testcase name="toStringTest" time="0.0" classname="com.pizzeria.training.models.PizzaModelTest"/>
</testsuite> <!-- Default test -->
