<?xml version="1.0" encoding="UTF-8"?>
<testng-results skipped="0" failed="0" ignored="0" total="2" passed="2">
  <reporter-output>
  </reporter-output>
  <suite name="Default suite" duration-ms="3688" started-at="2020-11-16T21:12:29Z" finished-at="2020-11-16T21:12:33Z">
    <groups>
    </groups>
    <test name="Default test" duration-ms="3688" started-at="2020-11-16T21:12:29Z" finished-at="2020-11-16T21:12:33Z">
      <class name="com.pizzeria.training.repositories.PizzaRepositoryIntegrationTest">
        <test-method status="PASS" signature="springTestContextBeforeTestClass()[pri:0, instance:com.pizzeria.training.repositories.PizzaRepositoryIntegrationTest@4722ef0c]" name="springTestContextBeforeTestClass" is-config="true" duration-ms="10" started-at="2020-11-16T21:12:29Z" finished-at="2020-11-16T21:12:29Z">
          <reporter-output>
          </reporter-output>
        </test-method> <!-- springTestContextBeforeTestClass -->
        <test-method status="PASS" signature="springTestContextPrepareTestInstance()[pri:0, instance:com.pizzeria.training.repositories.PizzaRepositoryIntegrationTest@4722ef0c]" name="springTestContextPrepareTestInstance" is-config="true" duration-ms="3368" started-at="2020-11-16T21:12:29Z" depends-on-methods="org.springframework.test.context.testng.AbstractTestNGSpringContextTests.springTestContextBeforeTestClass" finished-at="2020-11-16T21:12:32Z">
          <reporter-output>
          </reporter-output>
        </test-method> <!-- springTestContextPrepareTestInstance -->
        <test-method status="PASS" signature="springTestContextBeforeTestMethod(java.lang.reflect.Method)[pri:0, instance:com.pizzeria.training.repositories.PizzaRepositoryIntegrationTest@4722ef0c]" name="springTestContextBeforeTestMethod" is-config="true" duration-ms="2" started-at="2020-11-16T21:12:32Z" finished-at="2020-11-16T21:12:32Z">
          <params>
            <param index="0">
              <value>
                <![CDATA[public void com.pizzeria.training.repositories.PizzaRepositoryIntegrationTest.findAll()]]>
              </value>
            </param>
          </params>
          <reporter-output>
          </reporter-output>
        </test-method> <!-- springTestContextBeforeTestMethod -->
        <test-method status="PASS" signature="findAll()[pri:0, instance:com.pizzeria.training.repositories.PizzaRepositoryIntegrationTest@4722ef0c]" name="findAll" duration-ms="284" started-at="2020-11-16T21:12:32Z" finished-at="2020-11-16T21:12:33Z">
          <reporter-output>
          </reporter-output>
        </test-method> <!-- findAll -->
        <test-method status="PASS" signature="springTestContextAfterTestMethod(java.lang.reflect.Method)[pri:0, instance:com.pizzeria.training.repositories.PizzaRepositoryIntegrationTest@4722ef0c]" name="springTestContextAfterTestMethod" is-config="true" duration-ms="1" started-at="2020-11-16T21:12:33Z" finished-at="2020-11-16T21:12:33Z">
          <params>
            <param index="0">
              <value>
                <![CDATA[public void com.pizzeria.training.repositories.PizzaRepositoryIntegrationTest.findAll()]]>
              </value>
            </param>
          </params>
          <reporter-output>
          </reporter-output>
        </test-method> <!-- springTestContextAfterTestMethod -->
        <test-method status="PASS" signature="springTestContextBeforeTestMethod(java.lang.reflect.Method)[pri:0, instance:com.pizzeria.training.repositories.PizzaRepositoryIntegrationTest@4722ef0c]" name="springTestContextBeforeTestMethod" is-config="true" duration-ms="0" started-at="2020-11-16T21:12:33Z" finished-at="2020-11-16T21:12:33Z">
          <params>
            <param index="0">
              <value>
                <![CDATA[public void com.pizzeria.training.repositories.PizzaRepositoryIntegrationTest.save()]]>
              </value>
            </param>
          </params>
          <reporter-output>
          </reporter-output>
        </test-method> <!-- springTestContextBeforeTestMethod -->
        <test-method status="PASS" signature="save()[pri:0, instance:com.pizzeria.training.repositories.PizzaRepositoryIntegrationTest@4722ef0c]" name="save" duration-ms="10" started-at="2020-11-16T21:12:33Z" finished-at="2020-11-16T21:12:33Z">
          <reporter-output>
          </reporter-output>
        </test-method> <!-- save -->
        <test-method status="PASS" signature="springTestContextAfterTestClass()[pri:0, instance:com.pizzeria.training.repositories.PizzaRepositoryIntegrationTest@4722ef0c]" name="springTestContextAfterTestClass" is-config="true" duration-ms="1" started-at="2020-11-16T21:12:33Z" finished-at="2020-11-16T21:12:33Z">
          <reporter-output>
          </reporter-output>
        </test-method> <!-- springTestContextAfterTestClass -->
        <test-method status="PASS" signature="springTestContextAfterTestMethod(java.lang.reflect.Method)[pri:0, instance:com.pizzeria.training.repositories.PizzaRepositoryIntegrationTest@4722ef0c]" name="springTestContextAfterTestMethod" is-config="true" duration-ms="0" started-at="2020-11-16T21:12:33Z" finished-at="2020-11-16T21:12:33Z">
          <params>
            <param index="0">
              <value>
                <![CDATA[public void com.pizzeria.training.repositories.PizzaRepositoryIntegrationTest.save()]]>
              </value>
            </param>
          </params>
          <reporter-output>
          </reporter-output>
        </test-method> <!-- springTestContextAfterTestMethod -->
      </class> <!-- com.pizzeria.training.repositories.PizzaRepositoryIntegrationTest -->
    </test> <!-- Default test -->
  </suite> <!-- Default suite -->
</testng-results>
