<?xml version="1.0" encoding="UTF-8"?>
<testng-results skipped="0" failed="0" ignored="0" total="2" passed="2">
  <reporter-output>
  </reporter-output>
  <suite name="Default suite" duration-ms="1549" started-at="2020-11-16T21:43:18Z" finished-at="2020-11-16T21:43:20Z">
    <groups>
    </groups>
    <test name="Default test" duration-ms="1549" started-at="2020-11-16T21:43:18Z" finished-at="2020-11-16T21:43:20Z">
      <class name="com.pizzeria.training.controllers.PizzaControllerIntegrationTest">
        <test-method status="PASS" signature="springTestContextBeforeTestClass()[pri:0, instance:com.pizzeria.training.controllers.PizzaControllerIntegrationTest@769a1df5]" name="springTestContextBeforeTestClass" is-config="true" duration-ms="9" started-at="2020-11-16T21:43:18Z" finished-at="2020-11-16T21:43:18Z">
          <reporter-output>
          </reporter-output>
        </test-method> <!-- springTestContextBeforeTestClass -->
        <test-method status="PASS" signature="springTestContextPrepareTestInstance()[pri:0, instance:com.pizzeria.training.controllers.PizzaControllerIntegrationTest@769a1df5]" name="springTestContextPrepareTestInstance" is-config="true" duration-ms="1388" started-at="2020-11-16T21:43:18Z" depends-on-methods="org.springframework.test.context.testng.AbstractTestNGSpringContextTests.springTestContextBeforeTestClass" finished-at="2020-11-16T21:43:19Z">
          <reporter-output>
          </reporter-output>
        </test-method> <!-- springTestContextPrepareTestInstance -->
        <test-method status="PASS" signature="springTestContextBeforeTestMethod(java.lang.reflect.Method)[pri:0, instance:com.pizzeria.training.controllers.PizzaControllerIntegrationTest@769a1df5]" name="springTestContextBeforeTestMethod" is-config="true" duration-ms="2" started-at="2020-11-16T21:43:19Z" finished-at="2020-11-16T21:43:19Z">
          <params>
            <param index="0">
              <value>
                <![CDATA[void com.pizzeria.training.controllers.PizzaControllerIntegrationTest.getAll() throws java.lang.Exception]]>
              </value>
            </param>
          </params>
          <reporter-output>
          </reporter-output>
        </test-method> <!-- springTestContextBeforeTestMethod -->
        <test-method status="PASS" signature="mockSetup()[pri:0, instance:com.pizzeria.training.controllers.PizzaControllerIntegrationTest@769a1df5]" name="mockSetup" is-config="true" duration-ms="10" started-at="2020-11-16T21:43:19Z" finished-at="2020-11-16T21:43:19Z">
          <reporter-output>
          </reporter-output>
        </test-method> <!-- mockSetup -->
        <test-method status="PASS" signature="getAll()[pri:0, instance:com.pizzeria.training.controllers.PizzaControllerIntegrationTest@769a1df5]" name="getAll" duration-ms="120" started-at="2020-11-16T21:43:19Z" finished-at="2020-11-16T21:43:20Z">
          <reporter-output>
          </reporter-output>
        </test-method> <!-- getAll -->
        <test-method status="PASS" signature="springTestContextAfterTestMethod(java.lang.reflect.Method)[pri:0, instance:com.pizzeria.training.controllers.PizzaControllerIntegrationTest@769a1df5]" name="springTestContextAfterTestMethod" is-config="true" duration-ms="1" started-at="2020-11-16T21:43:20Z" finished-at="2020-11-16T21:43:20Z">
          <params>
            <param index="0">
              <value>
                <![CDATA[void com.pizzeria.training.controllers.PizzaControllerIntegrationTest.getAll() throws java.lang.Exception]]>
              </value>
            </param>
          </params>
          <reporter-output>
          </reporter-output>
        </test-method> <!-- springTestContextAfterTestMethod -->
        <test-method status="PASS" signature="springTestContextBeforeTestMethod(java.lang.reflect.Method)[pri:0, instance:com.pizzeria.training.controllers.PizzaControllerIntegrationTest@769a1df5]" name="springTestContextBeforeTestMethod" is-config="true" duration-ms="0" started-at="2020-11-16T21:43:20Z" finished-at="2020-11-16T21:43:20Z">
          <params>
            <param index="0">
              <value>
                <![CDATA[void com.pizzeria.training.controllers.PizzaControllerIntegrationTest.getTest() throws java.lang.Exception]]>
              </value>
            </param>
          </params>
          <reporter-output>
          </reporter-output>
        </test-method> <!-- springTestContextBeforeTestMethod -->
        <test-method status="PASS" signature="mockSetup()[pri:0, instance:com.pizzeria.training.controllers.PizzaControllerIntegrationTest@769a1df5]" name="mockSetup" is-config="true" duration-ms="1" started-at="2020-11-16T21:43:20Z" finished-at="2020-11-16T21:43:20Z">
          <reporter-output>
          </reporter-output>
        </test-method> <!-- mockSetup -->
        <test-method status="PASS" signature="getTest()[pri:0, instance:com.pizzeria.training.controllers.PizzaControllerIntegrationTest@769a1df5]" name="getTest" duration-ms="4" started-at="2020-11-16T21:43:20Z" finished-at="2020-11-16T21:43:20Z">
          <reporter-output>
          </reporter-output>
        </test-method> <!-- getTest -->
        <test-method status="PASS" signature="springTestContextAfterTestMethod(java.lang.reflect.Method)[pri:0, instance:com.pizzeria.training.controllers.PizzaControllerIntegrationTest@769a1df5]" name="springTestContextAfterTestMethod" is-config="true" duration-ms="0" started-at="2020-11-16T21:43:20Z" finished-at="2020-11-16T21:43:20Z">
          <params>
            <param index="0">
              <value>
                <![CDATA[void com.pizzeria.training.controllers.PizzaControllerIntegrationTest.getTest() throws java.lang.Exception]]>
              </value>
            </param>
          </params>
          <reporter-output>
          </reporter-output>
        </test-method> <!-- springTestContextAfterTestMethod -->
        <test-method status="PASS" signature="springTestContextAfterTestClass()[pri:0, instance:com.pizzeria.training.controllers.PizzaControllerIntegrationTest@769a1df5]" name="springTestContextAfterTestClass" is-config="true" duration-ms="1" started-at="2020-11-16T21:43:20Z" finished-at="2020-11-16T21:43:20Z">
          <reporter-output>
          </reporter-output>
        </test-method> <!-- springTestContextAfterTestClass -->
      </class> <!-- com.pizzeria.training.controllers.PizzaControllerIntegrationTest -->
    </test> <!-- Default test -->
  </suite> <!-- Default suite -->
</testng-results>
