<?xml version="1.0" encoding="UTF-8"?>
<testng-results skipped="2" failed="0" ignored="0" total="11" passed="9">
  <reporter-output>
  </reporter-output>
  <suite name="Default suite" duration-ms="4396" started-at="2020-11-13T19:10:17Z" finished-at="2020-11-13T19:10:21Z">
    <groups>
    </groups>
    <test name="Default test" duration-ms="4396" started-at="2020-11-13T19:10:17Z" finished-at="2020-11-13T19:10:21Z">
      <class name="com.pizzeria.training.controllers.PizzaControllerIntegrationTest">
        <test-method status="PASS" signature="springTestContextBeforeTestClass()[pri:0, instance:com.pizzeria.training.controllers.PizzaControllerIntegrationTest@544d57e]" name="springTestContextBeforeTestClass" is-config="true" duration-ms="16" started-at="2020-11-13T19:10:17Z" finished-at="2020-11-13T19:10:17Z">
          <reporter-output>
          </reporter-output>
        </test-method> <!-- springTestContextBeforeTestClass -->
        <test-method status="PASS" signature="springTestContextPrepareTestInstance()[pri:0, instance:com.pizzeria.training.controllers.PizzaControllerIntegrationTest@544d57e]" name="springTestContextPrepareTestInstance" is-config="true" duration-ms="2226" started-at="2020-11-13T19:10:17Z" depends-on-methods="org.springframework.test.context.testng.AbstractTestNGSpringContextTests.springTestContextBeforeTestClass" finished-at="2020-11-13T19:10:19Z">
          <reporter-output>
          </reporter-output>
        </test-method> <!-- springTestContextPrepareTestInstance -->
        <test-method status="PASS" signature="springTestContextBeforeTestMethod(java.lang.reflect.Method)[pri:0, instance:com.pizzeria.training.controllers.PizzaControllerIntegrationTest@544d57e]" name="springTestContextBeforeTestMethod" is-config="true" duration-ms="3" started-at="2020-11-13T19:10:19Z" finished-at="2020-11-13T19:10:19Z">
          <params>
            <param index="0">
              <value>
                <![CDATA[void com.pizzeria.training.controllers.PizzaControllerIntegrationTest.getAll() throws java.lang.Exception]]>
              </value>
            </param>
          </params>
          <reporter-output>
          </reporter-output>
        </test-method> <!-- springTestContextBeforeTestMethod -->
        <test-method status="PASS" signature="mockSetup()[pri:0, instance:com.pizzeria.training.controllers.PizzaControllerIntegrationTest@544d57e]" name="mockSetup" is-config="true" duration-ms="14" started-at="2020-11-13T19:10:19Z" finished-at="2020-11-13T19:10:19Z">
          <reporter-output>
          </reporter-output>
        </test-method> <!-- mockSetup -->
        <test-method status="PASS" signature="getAll()[pri:0, instance:com.pizzeria.training.controllers.PizzaControllerIntegrationTest@544d57e]" name="getAll" duration-ms="146" started-at="2020-11-13T19:10:19Z" finished-at="2020-11-13T19:10:19Z">
          <reporter-output>
          </reporter-output>
        </test-method> <!-- getAll -->
        <test-method status="PASS" signature="springTestContextAfterTestMethod(java.lang.reflect.Method)[pri:0, instance:com.pizzeria.training.controllers.PizzaControllerIntegrationTest@544d57e]" name="springTestContextAfterTestMethod" is-config="true" duration-ms="1" started-at="2020-11-13T19:10:19Z" finished-at="2020-11-13T19:10:19Z">
          <params>
            <param index="0">
              <value>
                <![CDATA[void com.pizzeria.training.controllers.PizzaControllerIntegrationTest.getAll() throws java.lang.Exception]]>
              </value>
            </param>
          </params>
          <reporter-output>
          </reporter-output>
        </test-method> <!-- springTestContextAfterTestMethod -->
        <test-method status="PASS" signature="springTestContextBeforeTestMethod(java.lang.reflect.Method)[pri:0, instance:com.pizzeria.training.controllers.PizzaControllerIntegrationTest@544d57e]" name="springTestContextBeforeTestMethod" is-config="true" duration-ms="1" started-at="2020-11-13T19:10:19Z" finished-at="2020-11-13T19:10:19Z">
          <params>
            <param index="0">
              <value>
                <![CDATA[void com.pizzeria.training.controllers.PizzaControllerIntegrationTest.getTest() throws java.lang.Exception]]>
              </value>
            </param>
          </params>
          <reporter-output>
          </reporter-output>
        </test-method> <!-- springTestContextBeforeTestMethod -->
        <test-method status="PASS" signature="mockSetup()[pri:0, instance:com.pizzeria.training.controllers.PizzaControllerIntegrationTest@544d57e]" name="mockSetup" is-config="true" duration-ms="0" started-at="2020-11-13T19:10:19Z" finished-at="2020-11-13T19:10:19Z">
          <reporter-output>
          </reporter-output>
        </test-method> <!-- mockSetup -->
        <test-method status="PASS" signature="getTest()[pri:0, instance:com.pizzeria.training.controllers.PizzaControllerIntegrationTest@544d57e]" name="getTest" duration-ms="5" started-at="2020-11-13T19:10:19Z" finished-at="2020-11-13T19:10:19Z">
          <reporter-output>
          </reporter-output>
        </test-method> <!-- getTest -->
        <test-method status="PASS" signature="springTestContextAfterTestMethod(java.lang.reflect.Method)[pri:0, instance:com.pizzeria.training.controllers.PizzaControllerIntegrationTest@544d57e]" name="springTestContextAfterTestMethod" is-config="true" duration-ms="1" started-at="2020-11-13T19:10:19Z" finished-at="2020-11-13T19:10:19Z">
          <params>
            <param index="0">
              <value>
                <![CDATA[void com.pizzeria.training.controllers.PizzaControllerIntegrationTest.getTest() throws java.lang.Exception]]>
              </value>
            </param>
          </params>
          <reporter-output>
          </reporter-output>
        </test-method> <!-- springTestContextAfterTestMethod -->
        <test-method status="PASS" signature="springTestContextAfterTestClass()[pri:0, instance:com.pizzeria.training.controllers.PizzaControllerIntegrationTest@544d57e]" name="springTestContextAfterTestClass" is-config="true" duration-ms="1" started-at="2020-11-13T19:10:19Z" finished-at="2020-11-13T19:10:19Z">
          <reporter-output>
          </reporter-output>
        </test-method> <!-- springTestContextAfterTestClass -->
      </class> <!-- com.pizzeria.training.controllers.PizzaControllerIntegrationTest -->
      <class name="com.pizzeria.training.repositories.PizzaRepositoryIntegrationTest">
        <test-method status="PASS" signature="springTestContextBeforeTestClass()[pri:0, instance:com.pizzeria.training.repositories.PizzaRepositoryIntegrationTest@55c53a33]" name="springTestContextBeforeTestClass" is-config="true" duration-ms="1" started-at="2020-11-13T19:10:19Z" finished-at="2020-11-13T19:10:19Z">
          <reporter-output>
          </reporter-output>
        </test-method> <!-- springTestContextBeforeTestClass -->
        <test-method status="PASS" signature="springTestContextPrepareTestInstance()[pri:0, instance:com.pizzeria.training.repositories.PizzaRepositoryIntegrationTest@55c53a33]" name="springTestContextPrepareTestInstance" is-config="true" duration-ms="1769" started-at="2020-11-13T19:10:19Z" depends-on-methods="org.springframework.test.context.testng.AbstractTestNGSpringContextTests.springTestContextBeforeTestClass" finished-at="2020-11-13T19:10:21Z">
          <reporter-output>
          </reporter-output>
        </test-method> <!-- springTestContextPrepareTestInstance -->
        <test-method status="PASS" signature="springTestContextBeforeTestMethod(java.lang.reflect.Method)[pri:0, instance:com.pizzeria.training.repositories.PizzaRepositoryIntegrationTest@55c53a33]" name="springTestContextBeforeTestMethod" is-config="true" duration-ms="1" started-at="2020-11-13T19:10:21Z" finished-at="2020-11-13T19:10:21Z">
          <params>
            <param index="0">
              <value>
                <![CDATA[public void com.pizzeria.training.repositories.PizzaRepositoryIntegrationTest.findAll()]]>
              </value>
            </param>
          </params>
          <reporter-output>
          </reporter-output>
        </test-method> <!-- springTestContextBeforeTestMethod -->
        <test-method status="PASS" signature="findAll()[pri:0, instance:com.pizzeria.training.repositories.PizzaRepositoryIntegrationTest@55c53a33]" name="findAll" duration-ms="157" started-at="2020-11-13T19:10:21Z" finished-at="2020-11-13T19:10:21Z">
          <reporter-output>
          </reporter-output>
        </test-method> <!-- findAll -->
        <test-method status="PASS" signature="springTestContextAfterTestMethod(java.lang.reflect.Method)[pri:0, instance:com.pizzeria.training.repositories.PizzaRepositoryIntegrationTest@55c53a33]" name="springTestContextAfterTestMethod" is-config="true" duration-ms="0" started-at="2020-11-13T19:10:21Z" finished-at="2020-11-13T19:10:21Z">
          <params>
            <param index="0">
              <value>
                <![CDATA[public void com.pizzeria.training.repositories.PizzaRepositoryIntegrationTest.findAll()]]>
              </value>
            </param>
          </params>
          <reporter-output>
          </reporter-output>
        </test-method> <!-- springTestContextAfterTestMethod -->
        <test-method status="PASS" signature="springTestContextBeforeTestMethod(java.lang.reflect.Method)[pri:0, instance:com.pizzeria.training.repositories.PizzaRepositoryIntegrationTest@55c53a33]" name="springTestContextBeforeTestMethod" is-config="true" duration-ms="1" started-at="2020-11-13T19:10:21Z" finished-at="2020-11-13T19:10:21Z">
          <params>
            <param index="0">
              <value>
                <![CDATA[public void com.pizzeria.training.repositories.PizzaRepositoryIntegrationTest.save()]]>
              </value>
            </param>
          </params>
          <reporter-output>
          </reporter-output>
        </test-method> <!-- springTestContextBeforeTestMethod -->
        <test-method status="PASS" signature="save()[pri:0, instance:com.pizzeria.training.repositories.PizzaRepositoryIntegrationTest@55c53a33]" name="save" duration-ms="12" started-at="2020-11-13T19:10:21Z" finished-at="2020-11-13T19:10:21Z">
          <reporter-output>
          </reporter-output>
        </test-method> <!-- save -->
        <test-method status="PASS" signature="springTestContextAfterTestMethod(java.lang.reflect.Method)[pri:0, instance:com.pizzeria.training.repositories.PizzaRepositoryIntegrationTest@55c53a33]" name="springTestContextAfterTestMethod" is-config="true" duration-ms="0" started-at="2020-11-13T19:10:21Z" finished-at="2020-11-13T19:10:21Z">
          <params>
            <param index="0">
              <value>
                <![CDATA[public void com.pizzeria.training.repositories.PizzaRepositoryIntegrationTest.save()]]>
              </value>
            </param>
          </params>
          <reporter-output>
          </reporter-output>
        </test-method> <!-- springTestContextAfterTestMethod -->
        <test-method status="PASS" signature="springTestContextAfterTestClass()[pri:0, instance:com.pizzeria.training.repositories.PizzaRepositoryIntegrationTest@55c53a33]" name="springTestContextAfterTestClass" is-config="true" duration-ms="0" started-at="2020-11-13T19:10:21Z" finished-at="2020-11-13T19:10:21Z">
          <reporter-output>
          </reporter-output>
        </test-method> <!-- springTestContextAfterTestClass -->
      </class> <!-- com.pizzeria.training.repositories.PizzaRepositoryIntegrationTest -->
      <class name="com.pizzeria.training.models.PizzaModelTestNGTest">
        <test-method status="PASS" signature="beforeClass()[pri:0, instance:com.pizzeria.training.models.PizzaModelTestNGTest@797b0699]" name="beforeClass" is-config="true" duration-ms="0" started-at="2020-11-13T19:10:21Z" finished-at="2020-11-13T19:10:21Z">
          <reporter-output>
          </reporter-output>
        </test-method> <!-- beforeClass -->
        <test-method status="PASS" signature="resetPizza()[pri:0, instance:com.pizzeria.training.models.PizzaModelTestNGTest@797b0699]" name="resetPizza" is-config="true" duration-ms="1" started-at="2020-11-13T19:10:21Z" finished-at="2020-11-13T19:10:21Z">
          <reporter-output>
          </reporter-output>
        </test-method> <!-- resetPizza -->
        <test-method status="PASS" signature="allArgsConstructor()[pri:0, instance:com.pizzeria.training.models.PizzaModelTestNGTest@797b0699]" name="allArgsConstructor" duration-ms="0" started-at="2020-11-13T19:10:21Z" finished-at="2020-11-13T19:10:21Z">
          <reporter-output>
          </reporter-output>
        </test-method> <!-- allArgsConstructor -->
        <test-method status="PASS" signature="resetPizza()[pri:0, instance:com.pizzeria.training.models.PizzaModelTestNGTest@797b0699]" name="resetPizza" is-config="true" duration-ms="0" started-at="2020-11-13T19:10:21Z" finished-at="2020-11-13T19:10:21Z">
          <reporter-output>
          </reporter-output>
        </test-method> <!-- resetPizza -->
        <test-method status="PASS" signature="equalsHashcode()[pri:0, instance:com.pizzeria.training.models.PizzaModelTestNGTest@797b0699]" name="equalsHashcode" duration-ms="2" started-at="2020-11-13T19:10:21Z" finished-at="2020-11-13T19:10:21Z">
          <reporter-output>
          </reporter-output>
        </test-method> <!-- equalsHashcode -->
        <test-method status="PASS" signature="resetPizza()[pri:0, instance:com.pizzeria.training.models.PizzaModelTestNGTest@797b0699]" name="resetPizza" is-config="true" duration-ms="0" started-at="2020-11-13T19:10:21Z" finished-at="2020-11-13T19:10:21Z">
          <reporter-output>
          </reporter-output>
        </test-method> <!-- resetPizza -->
        <test-method status="PASS" signature="noArgsConstructor()[pri:0, instance:com.pizzeria.training.models.PizzaModelTestNGTest@797b0699]" name="noArgsConstructor" duration-ms="1" started-at="2020-11-13T19:10:21Z" finished-at="2020-11-13T19:10:21Z">
          <reporter-output>
          </reporter-output>
        </test-method> <!-- noArgsConstructor -->
        <test-method status="PASS" signature="resetPizza()[pri:0, instance:com.pizzeria.training.models.PizzaModelTestNGTest@797b0699]" name="resetPizza" is-config="true" duration-ms="1" started-at="2020-11-13T19:10:21Z" finished-at="2020-11-13T19:10:21Z">
          <reporter-output>
          </reporter-output>
        </test-method> <!-- resetPizza -->
        <test-method status="PASS" signature="setters()[pri:0, instance:com.pizzeria.training.models.PizzaModelTestNGTest@797b0699]" name="setters" duration-ms="1" started-at="2020-11-13T19:10:21Z" finished-at="2020-11-13T19:10:21Z">
          <reporter-output>
          </reporter-output>
        </test-method> <!-- setters -->
        <test-method status="PASS" signature="resetPizza()[pri:0, instance:com.pizzeria.training.models.PizzaModelTestNGTest@797b0699]" name="resetPizza" is-config="true" duration-ms="0" started-at="2020-11-13T19:10:21Z" finished-at="2020-11-13T19:10:21Z">
          <reporter-output>
          </reporter-output>
        </test-method> <!-- resetPizza -->
        <test-method status="PASS" signature="toStringTest()[pri:0, instance:com.pizzeria.training.models.PizzaModelTestNGTest@797b0699]" name="toStringTest" duration-ms="1" started-at="2020-11-13T19:10:21Z" finished-at="2020-11-13T19:10:21Z">
          <reporter-output>
          </reporter-output>
        </test-method> <!-- toStringTest -->
      </class> <!-- com.pizzeria.training.models.PizzaModelTestNGTest -->
      <class name="com.pizzeria.training.services.PizzaServiceTest">
        <test-method status="FAIL" signature="mockSetup()[pri:0, instance:com.pizzeria.training.services.PizzaServiceTest@53b7f657]" name="mockSetup" is-config="true" duration-ms="1" started-at="2020-11-13T19:10:21Z" finished-at="2020-11-13T19:10:21Z">
          <exception class="java.lang.NullPointerException">
            <full-stacktrace>
              <![CDATA[java.lang.NullPointerException
at com.pizzeria.training.services.PizzaServiceTest.mockSetup(PizzaServiceTest.java:41)
at sun.reflect.NativeMethodAccessorImpl.invoke0(Native Method)
at sun.reflect.NativeMethodAccessorImpl.invoke(NativeMethodAccessorImpl.java:62)
at sun.reflect.DelegatingMethodAccessorImpl.invoke(DelegatingMethodAccessorImpl.java:43)
at java.lang.reflect.Method.invoke(Method.java:498)
at org.testng.internal.MethodInvocationHelper.invokeMethod(MethodInvocationHelper.java:124)
at org.testng.internal.MethodInvocationHelper.invokeMethodConsideringTimeout(MethodInvocationHelper.java:59)
at org.testng.internal.Invoker.invokeConfigurationMethod(Invoker.java:458)
at org.testng.internal.Invoker.invokeConfigurations(Invoker.java:222)
at org.testng.internal.Invoker.invokeConfigurations(Invoker.java:142)
at org.testng.internal.TestMethodWorker.invokeBeforeClassMethods(TestMethodWorker.java:168)
at org.testng.internal.TestMethodWorker.run(TestMethodWorker.java:105)
at org.testng.TestRunner.privateRun(TestRunner.java:648)
at org.testng.TestRunner.run(TestRunner.java:505)
at org.testng.SuiteRunner.runTest(SuiteRunner.java:455)
at org.testng.SuiteRunner.runSequentially(SuiteRunner.java:450)
at org.testng.SuiteRunner.privateRun(SuiteRunner.java:415)
at org.testng.SuiteRunner.run(SuiteRunner.java:364)
at org.testng.SuiteRunnerWorker.runSuite(SuiteRunnerWorker.java:52)
at org.testng.SuiteRunnerWorker.run(SuiteRunnerWorker.java:84)
at org.testng.TestNG.runSuitesSequentially(TestNG.java:1208)
at org.testng.TestNG.runSuitesLocally(TestNG.java:1137)
at org.testng.TestNG.runSuites(TestNG.java:1049)
at org.testng.TestNG.run(TestNG.java:1017)
at org.testng.remote.AbstractRemoteTestNG.run(AbstractRemoteTestNG.java:115)
at org.testng.remote.RemoteTestNG.initAndRun(RemoteTestNG.java:251)
at org.testng.remote.RemoteTestNG.main(RemoteTestNG.java:77)
]]>
            </full-stacktrace>
          </exception> <!-- java.lang.NullPointerException -->
          <reporter-output>
          </reporter-output>
        </test-method> <!-- mockSetup -->
        <test-method status="SKIP" signature="findAll()[pri:0, instance:com.pizzeria.training.services.PizzaServiceTest@53b7f657]" name="findAll" duration-ms="0" started-at="2020-11-13T19:10:21Z" finished-at="2020-11-13T19:10:21Z">
          <exception class="java.lang.NullPointerException">
            <full-stacktrace>
              <![CDATA[java.lang.NullPointerException
at com.pizzeria.training.services.PizzaServiceTest.mockSetup(PizzaServiceTest.java:41)
at sun.reflect.NativeMethodAccessorImpl.invoke0(Native Method)
at sun.reflect.NativeMethodAccessorImpl.invoke(NativeMethodAccessorImpl.java:62)
at sun.reflect.DelegatingMethodAccessorImpl.invoke(DelegatingMethodAccessorImpl.java:43)
at java.lang.reflect.Method.invoke(Method.java:498)
at org.testng.internal.MethodInvocationHelper.invokeMethod(MethodInvocationHelper.java:124)
at org.testng.internal.MethodInvocationHelper.invokeMethodConsideringTimeout(MethodInvocationHelper.java:59)
at org.testng.internal.Invoker.invokeConfigurationMethod(Invoker.java:458)
at org.testng.internal.Invoker.invokeConfigurations(Invoker.java:222)
at org.testng.internal.Invoker.invokeConfigurations(Invoker.java:142)
at org.testng.internal.TestMethodWorker.invokeBeforeClassMethods(TestMethodWorker.java:168)
at org.testng.internal.TestMethodWorker.run(TestMethodWorker.java:105)
at org.testng.TestRunner.privateRun(TestRunner.java:648)
at org.testng.TestRunner.run(TestRunner.java:505)
at org.testng.SuiteRunner.runTest(SuiteRunner.java:455)
at org.testng.SuiteRunner.runSequentially(SuiteRunner.java:450)
at org.testng.SuiteRunner.privateRun(SuiteRunner.java:415)
at org.testng.SuiteRunner.run(SuiteRunner.java:364)
at org.testng.SuiteRunnerWorker.runSuite(SuiteRunnerWorker.java:52)
at org.testng.SuiteRunnerWorker.run(SuiteRunnerWorker.java:84)
at org.testng.TestNG.runSuitesSequentially(TestNG.java:1208)
at org.testng.TestNG.runSuitesLocally(TestNG.java:1137)
at org.testng.TestNG.runSuites(TestNG.java:1049)
at org.testng.TestNG.run(TestNG.java:1017)
at org.testng.remote.AbstractRemoteTestNG.run(AbstractRemoteTestNG.java:115)
at org.testng.remote.RemoteTestNG.initAndRun(RemoteTestNG.java:251)
at org.testng.remote.RemoteTestNG.main(RemoteTestNG.java:77)
]]>
            </full-stacktrace>
          </exception> <!-- java.lang.NullPointerException -->
          <reporter-output>
          </reporter-output>
        </test-method> <!-- findAll -->
        <test-method status="SKIP" signature="save()[pri:0, instance:com.pizzeria.training.services.PizzaServiceTest@53b7f657]" name="save" duration-ms="0" started-at="2020-11-13T19:10:21Z" finished-at="2020-11-13T19:10:21Z">
          <exception class="java.lang.NullPointerException">
            <full-stacktrace>
              <![CDATA[java.lang.NullPointerException
at com.pizzeria.training.services.PizzaServiceTest.mockSetup(PizzaServiceTest.java:41)
at sun.reflect.NativeMethodAccessorImpl.invoke0(Native Method)
at sun.reflect.NativeMethodAccessorImpl.invoke(NativeMethodAccessorImpl.java:62)
at sun.reflect.DelegatingMethodAccessorImpl.invoke(DelegatingMethodAccessorImpl.java:43)
at java.lang.reflect.Method.invoke(Method.java:498)
at org.testng.internal.MethodInvocationHelper.invokeMethod(MethodInvocationHelper.java:124)
at org.testng.internal.MethodInvocationHelper.invokeMethodConsideringTimeout(MethodInvocationHelper.java:59)
at org.testng.internal.Invoker.invokeConfigurationMethod(Invoker.java:458)
at org.testng.internal.Invoker.invokeConfigurations(Invoker.java:222)
at org.testng.internal.Invoker.invokeConfigurations(Invoker.java:142)
at org.testng.internal.TestMethodWorker.invokeBeforeClassMethods(TestMethodWorker.java:168)
at org.testng.internal.TestMethodWorker.run(TestMethodWorker.java:105)
at org.testng.TestRunner.privateRun(TestRunner.java:648)
at org.testng.TestRunner.run(TestRunner.java:505)
at org.testng.SuiteRunner.runTest(SuiteRunner.java:455)
at org.testng.SuiteRunner.runSequentially(SuiteRunner.java:450)
at org.testng.SuiteRunner.privateRun(SuiteRunner.java:415)
at org.testng.SuiteRunner.run(SuiteRunner.java:364)
at org.testng.SuiteRunnerWorker.runSuite(SuiteRunnerWorker.java:52)
at org.testng.SuiteRunnerWorker.run(SuiteRunnerWorker.java:84)
at org.testng.TestNG.runSuitesSequentially(TestNG.java:1208)
at org.testng.TestNG.runSuitesLocally(TestNG.java:1137)
at org.testng.TestNG.runSuites(TestNG.java:1049)
at org.testng.TestNG.run(TestNG.java:1017)
at org.testng.remote.AbstractRemoteTestNG.run(AbstractRemoteTestNG.java:115)
at org.testng.remote.RemoteTestNG.initAndRun(RemoteTestNG.java:251)
at org.testng.remote.RemoteTestNG.main(RemoteTestNG.java:77)
]]>
            </full-stacktrace>
          </exception> <!-- java.lang.NullPointerException -->
          <reporter-output>
          </reporter-output>
        </test-method> <!-- save -->
      </class> <!-- com.pizzeria.training.services.PizzaServiceTest -->
    </test> <!-- Default test -->
  </suite> <!-- Default suite -->
</testng-results>
